[ 2025-08-28 16:15:02,283 ] 1025 httpx - INFO - HTTP Request: GET https://dagshub.com/api/v1/user "HTTP/1.1 200 OK"
[ 2025-08-28 16:15:02,295 ] 107 dagshub - INFO - Accessing as rnscloud247
[ 2025-08-28 16:15:03,319 ] 1025 httpx - INFO - HTTP Request: GET https://dagshub.com/api/v1/repos/rnscloud247/networksecurity "HTTP/1.1 200 OK"
[ 2025-08-28 16:15:03,720 ] 1025 httpx - INFO - HTTP Request: GET https://dagshub.com/api/v1/user "HTTP/1.1 200 OK"
[ 2025-08-28 16:15:03,724 ] 107 dagshub - INFO - Initialized MLflow to track repo "rnscloud247/networksecurity"
[ 2025-08-28 16:15:03,725 ] 107 dagshub - INFO - Repository rnscloud247/networksecurity initialized!
[ 2025-08-28 16:15:03,725 ] 20 root - INFO - Initiate the data ingestion
[ 2025-08-28 16:15:05,450 ] 65 root - INFO - Performed train test split on the dataframe
[ 2025-08-28 16:15:05,450 ] 67 root - INFO - Exited split_data_as_train_test method of Data_Ingestion class
[ 2025-08-28 16:15:05,450 ] 75 root - INFO - Exporting train and test file path.
[ 2025-08-28 16:15:05,479 ] 84 root - INFO - Exported train and test file path.
[ 2025-08-28 16:15:05,479 ] 22 root - INFO - Data Initiation Completed
[ 2025-08-28 16:15:05,482 ] 26 root - INFO - Initiate the data Validation
[ 2025-08-28 16:15:05,494 ] 32 root - INFO - Required number of columns:2
[ 2025-08-28 16:15:05,494 ] 33 root - INFO - Data frame has columns:31
[ 2025-08-28 16:15:05,494 ] 32 root - INFO - Required number of columns:2
[ 2025-08-28 16:15:05,494 ] 33 root - INFO - Data frame has columns:31
[ 2025-08-28 16:15:05,577 ] 28 root - INFO - data Validation Completed
[ 2025-08-28 16:15:05,577 ] 31 root - INFO - data Transformation started
[ 2025-08-28 16:15:05,577 ] 63 root - INFO - Entered initiate_data_transformation method of DataTransformation class
[ 2025-08-28 16:15:05,578 ] 65 root - INFO - Starting data transformation
[ 2025-08-28 16:15:05,590 ] 48 root - INFO - Entered get_data_trnasformer_object method of Trnasformation class
[ 2025-08-28 16:15:05,590 ] 53 root - INFO - Initialise KNNImputer with {'missing_values': nan, 'n_neighbors': 3, 'weights': 'uniform'}
[ 2025-08-28 16:15:05,595 ] 46 root - INFO - Entered the save_object method of MainUtils class
[ 2025-08-28 16:15:05,597 ] 50 root - INFO - Exited the save_object method of MainUtils class
[ 2025-08-28 16:15:05,597 ] 46 root - INFO - Entered the save_object method of MainUtils class
[ 2025-08-28 16:15:05,604 ] 50 root - INFO - Exited the save_object method of MainUtils class
[ 2025-08-28 16:15:05,605 ] 35 root - INFO - data Transformation completed
[ 2025-08-28 16:15:05,605 ] 37 root - INFO - Model Training sstared
