[ 2025-08-28 15:17:50,704 ] 1025 httpx - INFO - HTTP Request: GET https://dagshub.com/api/v1/user "HTTP/1.1 200 OK"
[ 2025-08-28 15:17:50,711 ] 107 dagshub - INFO - Accessing as rnscloud247
[ 2025-08-28 15:17:51,202 ] 1025 httpx - INFO - HTTP Request: GET https://dagshub.com/api/v1/repos/rnscloud247/networksecurity "HTTP/1.1 200 OK"
[ 2025-08-28 15:17:51,693 ] 1025 httpx - INFO - HTTP Request: GET https://dagshub.com/api/v1/user "HTTP/1.1 200 OK"
[ 2025-08-28 15:17:51,697 ] 107 dagshub - INFO - Initialized MLflow to track repo "rnscloud247/networksecurity"
[ 2025-08-28 15:17:51,698 ] 107 dagshub - INFO - Repository rnscloud247/networksecurity initialized!
[ 2025-08-28 15:17:51,698 ] 20 root - INFO - Initiate the data ingestion
[ 2025-08-28 15:17:53,933 ] 65 root - INFO - Performed train test split on the dataframe
[ 2025-08-28 15:17:53,933 ] 67 root - INFO - Exited split_data_as_train_test method of Data_Ingestion class
[ 2025-08-28 15:17:53,933 ] 75 root - INFO - Exporting train and test file path.
[ 2025-08-28 15:17:53,963 ] 84 root - INFO - Exported train and test file path.
[ 2025-08-28 15:17:53,963 ] 22 root - INFO - Data Initiation Completed
[ 2025-08-28 15:17:53,966 ] 26 root - INFO - Initiate the data Validation
[ 2025-08-28 15:17:53,979 ] 32 root - INFO - Required number of columns:2
[ 2025-08-28 15:17:53,979 ] 33 root - INFO - Data frame has columns:31
[ 2025-08-28 15:17:53,979 ] 32 root - INFO - Required number of columns:2
[ 2025-08-28 15:17:53,979 ] 33 root - INFO - Data frame has columns:31
[ 2025-08-28 15:17:54,083 ] 28 root - INFO - data Validation Completed
[ 2025-08-28 15:17:54,083 ] 31 root - INFO - data Transformation started
[ 2025-08-28 15:17:54,083 ] 63 root - INFO - Entered initiate_data_transformation method of DataTransformation class
[ 2025-08-28 15:17:54,083 ] 65 root - INFO - Starting data transformation
[ 2025-08-28 15:17:54,094 ] 48 root - INFO - Entered get_data_trnasformer_object method of Trnasformation class
[ 2025-08-28 15:17:54,094 ] 53 root - INFO - Initialise KNNImputer with {'missing_values': nan, 'n_neighbors': 3, 'weights': 'uniform'}
[ 2025-08-28 15:17:54,099 ] 46 root - INFO - Entered the save_object method of MainUtils class
[ 2025-08-28 15:17:54,101 ] 50 root - INFO - Exited the save_object method of MainUtils class
[ 2025-08-28 15:17:54,101 ] 46 root - INFO - Entered the save_object method of MainUtils class
[ 2025-08-28 15:17:54,106 ] 50 root - INFO - Exited the save_object method of MainUtils class
[ 2025-08-28 15:17:54,107 ] 35 root - INFO - data Transformation completed
[ 2025-08-28 15:17:54,107 ] 37 root - INFO - Model Training sstared
