[ 2025-08-28 16:59:41,380 ] 1025 httpx - INFO - HTTP Request: GET https://dagshub.com/api/v1/user "HTTP/1.1 200 OK"
[ 2025-08-28 16:59:41,393 ] 107 dagshub - INFO - Accessing as rnscloud247
[ 2025-08-28 16:59:41,938 ] 1025 httpx - INFO - HTTP Request: GET https://dagshub.com/api/v1/repos/rnscloud247/networksecurity "HTTP/1.1 200 OK"
[ 2025-08-28 16:59:42,349 ] 1025 httpx - INFO - HTTP Request: GET https://dagshub.com/api/v1/user "HTTP/1.1 200 OK"
[ 2025-08-28 16:59:42,351 ] 107 dagshub - INFO - Initialized MLflow to track repo "rnscloud247/networksecurity"
[ 2025-08-28 16:59:42,351 ] 107 dagshub - INFO - Repository rnscloud247/networksecurity initialized!
[ 2025-08-28 16:59:42,352 ] 20 root - INFO - Initiate the data ingestion
[ 2025-08-28 16:59:44,028 ] 65 root - INFO - Performed train test split on the dataframe
[ 2025-08-28 16:59:44,029 ] 67 root - INFO - Exited split_data_as_train_test method of Data_Ingestion class
[ 2025-08-28 16:59:44,029 ] 75 root - INFO - Exporting train and test file path.
[ 2025-08-28 16:59:44,058 ] 84 root - INFO - Exported train and test file path.
[ 2025-08-28 16:59:44,058 ] 22 root - INFO - Data Initiation Completed
[ 2025-08-28 16:59:44,061 ] 26 root - INFO - Initiate the data Validation
[ 2025-08-28 16:59:44,072 ] 32 root - INFO - Required number of columns:2
[ 2025-08-28 16:59:44,072 ] 33 root - INFO - Data frame has columns:31
[ 2025-08-28 16:59:44,072 ] 32 root - INFO - Required number of columns:2
[ 2025-08-28 16:59:44,073 ] 33 root - INFO - Data frame has columns:31
[ 2025-08-28 16:59:44,161 ] 28 root - INFO - data Validation Completed
[ 2025-08-28 16:59:44,161 ] 31 root - INFO - data Transformation started
[ 2025-08-28 16:59:44,161 ] 63 root - INFO - Entered initiate_data_transformation method of DataTransformation class
[ 2025-08-28 16:59:44,161 ] 65 root - INFO - Starting data transformation
[ 2025-08-28 16:59:44,170 ] 48 root - INFO - Entered get_data_trnasformer_object method of Trnasformation class
[ 2025-08-28 16:59:44,171 ] 53 root - INFO - Initialise KNNImputer with {'missing_values': nan, 'n_neighbors': 3, 'weights': 'uniform'}
[ 2025-08-28 16:59:44,175 ] 46 root - INFO - Entered the save_object method of MainUtils class
[ 2025-08-28 16:59:44,177 ] 50 root - INFO - Exited the save_object method of MainUtils class
[ 2025-08-28 16:59:44,177 ] 46 root - INFO - Entered the save_object method of MainUtils class
[ 2025-08-28 16:59:44,179 ] 50 root - INFO - Exited the save_object method of MainUtils class
[ 2025-08-28 16:59:44,180 ] 35 root - INFO - data Transformation completed
[ 2025-08-28 16:59:44,180 ] 37 root - INFO - Model Training sstared
[ 2025-08-28 17:02:28,153 ] 46 root - INFO - Entered the save_object method of MainUtils class
[ 2025-08-28 17:02:28,154 ] 50 root - INFO - Exited the save_object method of MainUtils class
[ 2025-08-28 17:02:28,154 ] 46 root - INFO - Entered the save_object method of MainUtils class
[ 2025-08-28 17:02:28,187 ] 50 root - INFO - Exited the save_object method of MainUtils class
[ 2025-08-28 17:02:28,187 ] 150 root - INFO - Model trainer artifact: ModelTrainerArtifact(trained_model_file_path='Artifacts/08_28_2025_16_59_39/model_trainer/trained_model/model.pkl', train_metric_artifact=ClassificationMetricArtifact(f1_score=0.9909873417721519, precision_score=0.9870889650998588, recall_score=0.9949166327775518), test_metric_artifact=ClassificationMetricArtifact(f1_score=0.9751801441152922, precision_score=0.9674344718030182, recall_score=0.9830508474576272))
[ 2025-08-28 17:02:28,192 ] 42 root - INFO - Model Training artifact created
